<?xml version="1.0" encoding="utf-8"?><testsuites name="pytest tests"><testsuite name="pytest" errors="0" failures="0" skipped="0" tests="13" time="1.017" timestamp="2026-07-08T19:02:59.065352+00:00" hostname="agent-env-fcd680f2-d457-4d7f-9e36-4cfc9b223b1c"><testcase classname="tests.backend_test.TestContact" name="test_contact_valid_persists" time="0.266" /><testcase classname="tests.backend_test.TestProjects" name="test_list_projects_returns_six" time="0.183" /><testcase classname="tests.backend_test.TestProjects" name="test_list_projects_featured_true" time="0.050" /><testcase classname="tests.backend_test.TestProjects" name="test_list_projects_filter_by_tag_devsecops" time="0.047" /><testcase classname="tests.backend_test.TestContact" name="test_contact_invalid_email_rejected" time="0.062" /><testcase classname="tests.backend_test.TestProjects" name="test_list_projects_filter_by_tag_no_match" time="0.045" /><testcase classname="tests.backend_test.TestProjects" name="test_project_detail_zero_trust_full_case_study" time="0.052" /><testcase classname="tests.backend_test.TestContact" name="test_contact_missing_fields_rejected" time="0.092" /><testcase classname="tests.backend_test.TestProjects" name="test_project_detail_not_found" time="0.094" /><testcase classname="tests.backend_test.TestContact" name="test_contact_empty_message_rejected" time="0.053" /><testcase classname="tests.backend_test.TestHealth" name="test_root_health" time="0.044" /><testcase classname="tests.backend_test.TestGitHub" name="test_github_repos_shape" time="0.054" /><testcase classname="tests.backend_test.TestStats" name="test_stats_shape" time="0.055" /></testsuite></testsuites>