<?xml version="1.0" encoding="utf-8"?><testsuites name="pytest tests"><testsuite name="pytest" errors="0" failures="0" skipped="0" tests="15" time="1.066" timestamp="2026-07-08T19:42:43.962198+00:00" hostname="agent-env-fcd680f2-d457-4d7f-9e36-4cfc9b223b1c"><testcase classname="tests.backend_test.TestGitHub" name="test_github_repos_live_shape_and_username" time="0.319" /><testcase classname="tests.backend_test.TestProjects" name="test_list_projects_returns_five_with_expected_slugs" time="0.277" /><testcase classname="tests.backend_test.TestProjects" name="test_list_projects_featured_true" time="0.048" /><testcase classname="tests.backend_test.TestGitHub" name="test_github_repos_expected_names_subset" time="0.049" /><testcase classname="tests.backend_test.TestProjects" name="test_list_projects_filter_by_tag_devsecops" time="0.044" /><testcase classname="tests.backend_test.TestGitHub" name="test_github_repos_cached_fast_second_call" time="0.100" /><testcase classname="tests.backend_test.TestProjects" name="test_list_projects_filter_by_tag_no_match" time="0.049" /><testcase classname="tests.backend_test.TestProjects" name="test_project_detail_netflix_devsecops_full_case_study" time="0.043" /><testcase classname="tests.backend_test.TestProjects" name="test_project_detail_not_found" time="0.085" /><testcase classname="tests.backend_test.TestContact" name="test_contact_valid_persists" time="0.057" /><testcase classname="tests.backend_test.TestContact" name="test_contact_invalid_email_rejected" time="0.060" /><testcase classname="tests.backend_test.TestHealth" name="test_root_health" time="0.085" /><testcase classname="tests.backend_test.TestContact" name="test_contact_missing_fields_rejected" time="0.092" /><testcase classname="tests.backend_test.TestStats" name="test_stats_shape_and_values" time="0.048" /><testcase classname="tests.backend_test.TestResumeAsset" name="test_resume_pdf_served" time="0.052" /></testsuite></testsuites>